Resolving Package Graph
Resolved source packages
XcodebuildNvimPreview - https://github.com/wojciech-kulik/xcodebuild-nvim-preview?tab=readme-ov-file @ 1.0.11
note: Building targets in dependency order
note: Target dependency graph (3 targets)
[Veritas] Compile XCStrings Localizable.xcstrings
[Veritas] Processing Info.plist
[Veritas] Copying Localizable.strings
[Veritas] Copying Localizable.strings
[Veritas] Compiling HomePage.swift
[Veritas] Compiling MainTabView.swift
[Veritas] Compiling NewsCard.swift
[!]  /Volumes/Developer/Veritas/ios/Veritas/components/NewsCard.swift:44:32: 'main' was deprecated in iOS 26.0: Use a UIScreen instance found through context instead (i.e, view.window.windowScene.screen), or for properties like UIScreen.scale with trait equivalents, use a traitCollection found through context.
        .frame(width: UIScreen.main.bounds.width * cardWidthRatio, height: cardHeight)
                               ^
[!]  /Volumes/Developer/Veritas/ios/Veritas/components/NewsCard.swift:64:32: 'main' was deprecated in iOS 26.0: Use a UIScreen instance found through context instead (i.e, view.window.windowScene.screen), or for properties like UIScreen.scale with trait equivalents, use a traitCollection found through context.
        .frame(width: UIScreen.main.bounds.width * cardWidthRatio, height: (UIScreen.main.bounds.width * cardWidthRatio) * bannerHeightRatio)
                               ^
[!]  /Volumes/Developer/Veritas/ios/Veritas/components/NewsCard.swift:64:86: 'main' was deprecated in iOS 26.0: Use a UIScreen instance found through context instead (i.e, view.window.windowScene.screen), or for properties like UIScreen.scale with trait equivalents, use a traitCollection found through context.
        .frame(width: UIScreen.main.bounds.width * cardWidthRatio, height: (UIScreen.main.bounds.width * cardWidthRatio) * bannerHeightRatio)
                                                                                     ^
[Veritas] Compiling VeritasApp.swift
[Veritas] Copy arm64-apple-ios-simulator.abi.json -> Veritas.abi.json
[Veritas] Copy arm64-apple-ios-simulator.swiftsourceinfo -> Veritas.swiftsourceinfo
[Veritas] Copy arm64-apple-ios-simulator.swiftmodule -> Veritas.swiftmodule
[Veritas] Linking Veritas.debug.dylib
note: Using stub executor library with Swift entry point. (in target 'Veritas' from project 'Veritas')
[Veritas] Linking Veritas
[Veritas] Extract App Intents Metadata
Signing Veritas.debug.dylib (in target 'Veritas' from project 'Veritas')
Signing __preview.dylib (in target 'Veritas' from project 'Veritas')
Signing Veritas.app (in target 'Veritas' from project 'Veritas')
[Veritas] Validate Veritas.app
Build Succeeded

-----------------------------
-- xcodebuild.nvim summary --
-----------------------------

Warnings:
   /Volumes/Developer/Veritas/ios/Veritas/components/NewsCard.swift:44:32
    'main' was deprecated in iOS 26.0: Use a UIScreen instance found through context instead (i.e, view.window.windowScene.screen), or for properties like UIScreen.scale with trait equivalents, use a traitCollection found through context.
            .frame(width: UIScreen.main.bounds.width * cardWidthRatio, height: cardHeight)
                                   ^
   /Volumes/Developer/Veritas/ios/Veritas/components/NewsCard.swift:64:32
    'main' was deprecated in iOS 26.0: Use a UIScreen instance found through context instead (i.e, view.window.windowScene.screen), or for properties like UIScreen.scale with trait equivalents, use a traitCollection found through context.
            .frame(width: UIScreen.main.bounds.width * cardWidthRatio, height: (UIScreen.main.bounds.width * cardWidthRatio) * bannerHeightRatio)
                                   ^

  ✔ Build Succeeded

